Sat Mar 17 14:33:04 EDT 2018

Name : GP regression
Objective : 5104.21214647
Number of Parameters : 5
Number of Optimization Parameters : 5
Updates : True
Parameters:
  [1mGP_regression.         [0;0m  |            value  |  constraints  |  priors
  [1mmul.linear.variances   [0;0m  |  0.0571776920305  |      +ve      |        
  [1mmul.rbf.variance       [0;0m  |  0.0571776920295  |      +ve      |        
  [1mmul.rbf.lengthscale    [0;0m  |             (2,)  |      +ve      |        
  [1mGaussian_noise.variance[0;0m  |   0.996733089166  |      +ve      |        

Name : GP regression
Objective : -2247.21796551
Number of Parameters : 6
Number of Optimization Parameters : 6
Updates : True
Parameters:
  [1mGP_regression.         [0;0m  |             value  |  constraints  |  priors
  [1mmul.linear.variances   [0;0m  |     5.94139857397  |      +ve      |        
  [1mmul.rbf.variance       [0;0m  |     5.94139857397  |      +ve      |        
  [1mmul.rbf.lengthscale    [0;0m  |              (3,)  |      +ve      |        
  [1mGaussian_noise.variance[0;0m  |  0.00672623648251  |      +ve      |        

Name : GP regression
Objective : -2424.03239749
Number of Parameters : 7
Number of Optimization Parameters : 7
Updates : True
Parameters:
  [1mGP_regression.          [0;0m  |            value  |  constraints  |  priors
  [1msum.rbf.variance        [0;0m  |   0.896197393906  |      +ve      |        
  [1msum.rbf.lengthscale     [0;0m  |             (2,)  |      +ve      |        
  [1msum.mul.linear.variances[0;0m  |  0.0913916178354  |      +ve      |        
  [1msum.mul.rbf.variance    [0;0m  |  0.0913916178354  |      +ve      |        
  [1msum.mul.rbf.lengthscale [0;0m  |    0.62651811193  |      +ve      |        
  [1mGaussian_noise.variance [0;0m  |  0.0143124596078  |      +ve      |        

Name : GP regression
Objective : -2649.18850862
Number of Parameters : 8
Number of Optimization Parameters : 8
Updates : True
Parameters:
  [1mGP_regression.          [0;0m  |            value  |  constraints  |  priors
  [1msum.mul.linear.variances[0;0m  |     1.5386710927  |      +ve      |        
  [1msum.mul.rbf.variance    [0;0m  |     1.5386710927  |      +ve      |        
  [1msum.mul.rbf.lengthscale [0;0m  |             (3,)  |      +ve      |        
  [1msum.rbf.variance        [0;0m  |    3.65047637741  |      +ve      |        
  [1msum.rbf.lengthscale     [0;0m  |   0.652574350083  |      +ve      |        
  [1mGaussian_noise.variance [0;0m  |  0.0066772474271  |      +ve      |        

Name : GP regression
Objective : -1142.36137273
Number of Parameters : 10
Number of Optimization Parameters : 10
Updates : True
Parameters:
  [1mGP_regression.            [0;0m  |            value  |  constraints  |  priors
  [1msum.mul.linear.variances  [0;0m  |    3.63612016152  |      +ve      |        
  [1msum.mul.rbf.variance      [0;0m  |    3.63612016152  |      +ve      |        
  [1msum.mul.rbf.lengthscale   [0;0m  |             (3,)  |      +ve      |        
  [1msum.mul_1.linear.variances[0;0m  |  0.0985499605652  |      +ve      |        
  [1msum.mul_1.rbf.variance    [0;0m  |  0.0985499605652  |      +ve      |        
  [1msum.mul_1.rbf.lengthscale [0;0m  |             (2,)  |      +ve      |        
  [1mGaussian_noise.variance   [0;0m  |  0.0301176829375  |      +ve      |        

Name : GP regression
Objective : -2367.60671041
Number of Parameters : 18
Number of Optimization Parameters : 18
Updates : True
Parameters:
  [1mGP_regression.            [0;0m  |              value  |  constraints  |  priors
  [1msum.mul.linear.variances  [0;0m  |      3.01505073551  |      +ve      |        
  [1msum.mul.rbf.variance      [0;0m  |      3.01505073682  |      +ve      |        
  [1msum.mul.rbf.lengthscale   [0;0m  |               (3,)  |      +ve      |        
  [1msum.mul_1.linear.variances[0;0m  |      1.17075474352  |      +ve      |        
  [1msum.mul_1.rbf.variance    [0;0m  |      1.17075474371  |      +ve      |        
  [1msum.mul_1.rbf.lengthscale [0;0m  |               (2,)  |      +ve      |        
  [1msum.mul_2.linear.variances[0;0m  |      0.30534430809  |      +ve      |        
  [1msum.mul_2.rbf.variance    [0;0m  |      0.30534430809  |      +ve      |        
  [1msum.mul_2.rbf.lengthscale [0;0m  |               (2,)  |      +ve      |        
  [1msum.mul_3.linear.variances[0;0m  |  0.000524574982502  |      +ve      |        
  [1msum.mul_3.rbf.variance    [0;0m  |  0.000524574982502  |      +ve      |        
  [1msum.mul_3.rbf.lengthscale [0;0m  |               (2,)  |      +ve      |        
  [1mGaussian_noise.variance   [0;0m  |   0.00669654115998  |      +ve      |        

Name : GP regression
Objective : -1574.59526793
Number of Parameters : 7
Number of Optimization Parameters : 7
Updates : True
Parameters:
  [1mGP_regression.         [0;0m  |             value  |  constraints  |  priors
  [1mmul.linear.variances   [0;0m  |     3.09889253063  |      +ve      |        
  [1mmul.rbf.variance       [0;0m  |     3.09889253067  |      +ve      |        
  [1mmul.rbf.lengthscale    [0;0m  |   0.0262979893709  |      +ve      |        
  [1mmul.rbf_1.variance     [0;0m  |      3.0988925307  |      +ve      |        
  [1mmul.rbf_1.lengthscale  [0;0m  |              (2,)  |      +ve      |        
  [1mGaussian_noise.variance[0;0m  |  0.00687457028073  |      +ve      |        
Sat Mar 17 17:45:22 EDT 2018
Total runtime: 0:03:12:18.0293
Done
