
  ___  ____  ____  ____  ____ (R)
 /__    /   ____/   /   ____/
___/   /   /___/   /   /___/   15.0   Copyright 1985-2017 StataCorp LLC
  Statistics/Data Analysis            StataCorp
                                      4905 Lakeway Drive
     MP - Parallel Edition            College Station, Texas 77845 USA
                                      800-STATA-PC        http://www.stata.com
                                      979-696-4600        stata@stata.com
                                      979-696-4601 (fax)

Unlimited-user 4-core Stata network license expires 30 Jun 2018:
       Serial number:  501509200494
         Licensed to:  Harvard University
                       Harvard University

Notes:
      1.  Stata is running in batch mode.
      2.  Unicode is supported; see help unicode_advice.
      3.  More than 2 billion observations are allowed; see help obs_advice.
      4.  Maximum number of variables is set to 5000; see help set_maxvar.


running /Applications/Stata/sysprofile.do ...

. do /Users/johncoglianese/.ipython/stata/code.do 

. clear

. set more off

. set linesize 200

. use "/Users/johncoglianese/.ipython/stata/data_input.dta", clear 

. log using "/Users/johncoglianese/.ipython/stata/log_output.log", text replace
--------------------------------------------------------------------------------------------------------------------------------------------------------------------------------------------------------
      name:  <unnamed>
       log:  /Users/johncoglianese/.ipython/stata/log_output.log
  log type:  text
 opened on:  12 Dec 2017, 14:55:08

. 
. generate weight_squared = weight^2

. generate log_weight = log(weight)

. log close
      name:  <unnamed>
       log:  /Users/johncoglianese/.ipython/stata/log_output.log
  log type:  text
 closed on:  12 Dec 2017, 14:55:08
--------------------------------------------------------------------------------------------------------------------------------------------------------------------------------------------------------

. save "/Users/johncoglianese/.ipython/stata/data_output.dta", replace 
file /Users/johncoglianese/.ipython/stata/data_output.dta saved

. 
. 
end of do-file
